Backend server is running on port 5234
URL data: [
  '/uploads/1733952984927-843734630-IMG_6744.jpeg',
  '/uploads/1733967994915-142946089-Capriolo_allalba.jpeg'
]
URL data: [
  '/uploads/1733952984927-843734630-IMG_6744.jpeg',
  '/uploads/1733967994915-142946089-Capriolo_allalba.jpeg'
]
URL data: [
  '/uploads/1733952984927-843734630-IMG_6744.jpeg',
  '/uploads/1733967994915-142946089-Capriolo_allalba.jpeg'
]
URL data: [
  '/uploads/1733952984927-843734630-IMG_6744.jpeg',
  '/uploads/1733967994915-142946089-Capriolo_allalba.jpeg'
]
URL data: [
  '/uploads/1733952984927-843734630-IMG_6744.jpeg',
  '/uploads/1733967994915-142946089-Capriolo_allalba.jpeg'
]
URL data: [
  '/uploads/1733952984927-843734630-IMG_6744.jpeg',
  '/uploads/1733967994915-142946089-Capriolo_allalba.jpeg'
]
URL data: [
  '/uploads/1733952984927-843734630-IMG_6744.jpeg',
  '/uploads/1733967994915-142946089-Capriolo_allalba.jpeg'
]
URL data: [
  '/uploads/1733952984927-843734630-IMG_6744.jpeg',
  '/uploads/1733967994915-142946089-Capriolo_allalba.jpeg'
]
URL data: [
  '/uploads/1733952984927-843734630-IMG_6744.jpeg',
  '/uploads/1733967994915-142946089-Capriolo_allalba.jpeg'
]
URL data: [
  '/uploads/1733952984927-843734630-IMG_6744.jpeg',
  '/uploads/1733967994915-142946089-Capriolo_allalba.jpeg'
]
URL data: [
  '/uploads/1733952984927-843734630-IMG_6744.jpeg',
  '/uploads/1733967994915-142946089-Capriolo_allalba.jpeg'
]
URL data: [
  '/uploads/1733952984927-843734630-IMG_6744.jpeg',
  '/uploads/1733967994915-142946089-Capriolo_allalba.jpeg'
]
URL data: [
  '/uploads/1733952984927-843734630-IMG_6744.jpeg',
  '/uploads/1733967994915-142946089-Capriolo_allalba.jpeg'
]
URL data: [
  '/uploads/1733952984927-843734630-IMG_6744.jpeg',
  '/uploads/1733967994915-142946089-Capriolo_allalba.jpeg'
]
URL data: [
  '/uploads/1733952984927-843734630-IMG_6744.jpeg',
  '/uploads/1733967994915-142946089-Capriolo_allalba.jpeg'
]
URL data: [
  '/uploads/1733952984927-843734630-IMG_6744.jpeg',
  '/uploads/1733967994915-142946089-Capriolo_allalba.jpeg'
]
URL data: [
  '/uploads/1733952984927-843734630-IMG_6744.jpeg',
  '/uploads/1733967994915-142946089-Capriolo_allalba.jpeg'
]
URL data: [
  '/uploads/1733952984927-843734630-IMG_6744.jpeg',
  '/uploads/1733967994915-142946089-Capriolo_allalba.jpeg'
]
URL data: [
  '/uploads/1733952984927-843734630-IMG_6744.jpeg',
  '/uploads/1733967994915-142946089-Capriolo_allalba.jpeg'
]
